2024-03-30 20:49:58,001 INFO p.WebScraping [Thread-1] Nazwa z adresu w tablicy: [Kraków, Josepha Conrada 81 BP, Kraków, Wielicka 21 PKN ORLEN, Kraków, Łużycka 40 PKN ORLEN, Kraków, Mieczysława Medweckiego 2 Carrefour, Kraków, Zakopiańska 58 PKN ORLEN, Kraków, Feliksa Wrobela 35 MOYA, Kraków, Karola Bunscha 68 PKN ORLEN, Kraków, Zakopiańska 48 Shell, Kraków, Białoruska 11a Circle K 1-2-3, Kraków, Powstańców Wielkopolskich 13 Arge, Kraków, Henryka Kamieńskiego 11 Auchan, Kraków, Nowohucka 1 MPO, Kraków, Erazma Jerzmanowskiego 39 PKN ORLEN, Kraków, Armii Krajowej 21 A PKN ORLEN, Kraków, Góra Libertowska 2 Amic, Kraków, Zakopiańska 289 PKN ORLEN, Kraków, Józefa Wybickiego 3A PKN ORLEN, Kraków, Kornela Makuszyńskiego 26 MOYA, Kraków, Siewna 28 Circle K 1-2-3, Kraków, Kazimierza Wielkiego 121 PKN ORLEN, Kraków, os. Wandy 30a PKN ORLEN, Kraków, Stefana Grota-Roweckiego 33 PKN ORLEN, Kraków, Kapelanka 54 Tesco, Kraków, Zakopiańska 107 BP, Kraków, Aleja Bora-Komorowskiego 39 BP, Kraków, Josepha Conrada 33 Shell, Kraków, Nad Dłubnią 2 VALDI, Kraków, Blokowa 23 Prywatna, Kraków, Zawiła 62 PKN ORLEN, Kraków, Aleja Pokoju 65 Shell]
2024-03-30 20:49:58,004 INFO p.WebScraping [Thread-1] Numer storny: 3
2024-03-30 20:49:58,736 DEBUG p.WebScraping [Thread-1] Station Link: /stacje-paliw/krak-tar/krak-tar-ujastek-11-krakow/
2024-03-30 20:49:58,736 DEBUG p.WebScraping [Thread-1] Nazwy stacji: Kraków, Ujastek 11 KRAK-TAR
2024-03-30 20:49:58,736 DEBUG p.WebScraping [Thread-1] Station Link: /stacje-paliw/pkn-orlen/pkn-orlen-podgorska-32-krakow/
2024-03-30 20:49:58,737 DEBUG p.WebScraping [Thread-1] Nazwy stacji: Kraków, Podgórska 32 PKN ORLEN
2024-03-30 20:49:58,737 DEBUG p.WebScraping [Thread-1] Station Link: /stacje-paliw/circle-k-statoil/circle-k-statoil-wielicka-183-krakow/
2024-03-30 20:49:58,737 DEBUG p.WebScraping [Thread-1] Nazwy stacji: Kraków, Wielicka 183 Circle K (Statoil)
2024-03-30 20:49:58,737 DEBUG p.WebScraping [Thread-1] Station Link: /stacje-paliw/pkn-orlen/pkn-orlen-os-kolorowe-10-a-krakow/
2024-03-30 20:49:58,737 DEBUG p.WebScraping [Thread-1] Nazwy stacji: Kraków, os.Kolorowe 10 a PKN ORLEN
2024-03-30 20:49:58,738 DEBUG p.WebScraping [Thread-1] Station Link: /stacje-paliw/pkn-orlen/pkn-orlen-jasnogorska-2b-krakow/
2024-03-30 20:49:58,738 DEBUG p.WebScraping [Thread-1] Nazwy stacji: Kraków, Jasnogórska 2B PKN ORLEN
2024-03-30 20:49:58,738 DEBUG p.WebScraping [Thread-1] Station Link: /stacje-paliw/pkn-orlen/pkn-orlen-os-strusia-24-krakow/
2024-03-30 20:49:58,738 DEBUG p.WebScraping [Thread-1] Nazwy stacji: Kraków, os. Strusia 24 PKN ORLEN
2024-03-30 20:49:58,738 DEBUG p.WebScraping [Thread-1] Station Link: /stacje-paliw/arge/arge-zakopianska-290-krakow/
2024-03-30 20:49:58,738 DEBUG p.WebScraping [Thread-1] Nazwy stacji: Kraków, Zakopiańska 290 Arge
2024-03-30 20:49:58,739 DEBUG p.WebScraping [Thread-1] Station Link: /stacje-paliw/pkn-orlen/pkn-orlen-kamienna-18-krakow/
2024-03-30 20:49:58,739 DEBUG p.WebScraping [Thread-1] Nazwy stacji: Kraków, Kamienna 18 PKN ORLEN
2024-03-30 20:49:58,739 DEBUG p.WebScraping [Thread-1] Station Link: /stacje-paliw/bp/bp-aleja-29-listopada-39b-krakow/
2024-03-30 20:49:58,739 DEBUG p.WebScraping [Thread-1] Nazwy stacji: Kraków, Aleja 29 Listopada 39B BP
2024-03-30 20:49:58,739 DEBUG p.WebScraping [Thread-1] Station Link: /stacje-paliw/stacje-niezrzeszone/prywatna-aleja-29-listopada-155a-krakow/
2024-03-30 20:49:58,739 DEBUG p.WebScraping [Thread-1] Nazwy stacji: Kraków, Aleja 29 listopada 155A Prywatna
2024-03-30 20:49:58,740 DEBUG p.WebScraping [Thread-1] Station Link: /stacje-paliw/shell/shell-marii-konopnickiej-78-krakow/
2024-03-30 20:49:58,740 DEBUG p.WebScraping [Thread-1] Nazwy stacji: Kraków, Marii Konopnickiej 78 Shell
2024-03-30 20:49:58,740 DEBUG p.WebScraping [Thread-1] Station Link: /stacje-paliw/pkn-orlen/pkn-orlen-tyniecka-186-krakow/
2024-03-30 20:49:58,740 DEBUG p.WebScraping [Thread-1] Nazwy stacji: Kraków, Tyniecka 186 PKN ORLEN
2024-03-30 20:49:58,740 DEBUG p.WebScraping [Thread-1] Station Link: /stacje-paliw/bp/bp-aleja-29-listopada-125-krakow/
2024-03-30 20:49:58,740 DEBUG p.WebScraping [Thread-1] Nazwy stacji: Kraków, Aleja 29 Listopada 125 BP
2024-03-30 20:49:58,741 DEBUG p.WebScraping [Thread-1] Station Link: /stacje-paliw/bp/bp-bulwarowa-1-krakow/
2024-03-30 20:49:58,741 DEBUG p.WebScraping [Thread-1] Nazwy stacji: Kraków, Bulwarowa 1 BP
2024-03-30 20:49:58,741 DEBUG p.WebScraping [Thread-1] Station Link: /stacje-paliw/pkn-orlen/pkn-orlen-wioslarska-1-krakow/
2024-03-30 20:49:58,741 DEBUG p.WebScraping [Thread-1] Nazwy stacji: Kraków, Wioślarska 1 PKN ORLEN
2024-03-30 20:49:58,741 INFO p.WebScraping [Thread-1] Link z adresu w tablicy: [/stacje-paliw/bp/bp-josepha-conrada-81-krakow/, /stacje-paliw/pkn-orlen/pkn-orlen-wielicka-21-krakow/, /stacje-paliw/pkn-orlen/pkn-orlen-luzycka-40-krakow/, /stacje-paliw/carrefour/carrefour-mieczyslawa-medweckiego-2-krakow/, /stacje-paliw/pkn-orlen/pkn-orlen-zakopianska-58-krakow/, /stacje-paliw/moya/moya-feliksa-wrobela-35-krakow/, /stacje-paliw/pkn-orlen/pkn-orlen-karola-bunscha-68-krakow/, /stacje-paliw/shell/shell-zakopianska-48-krakow/, /stacje-paliw/circle-k-1-2-3/circle-k-1-2-3-statoil-bialoruska-11a-krakow/, /stacje-paliw/arge/arge-powstancow-wielkopolskich-13-krakow/, /stacje-paliw/auchan/auchan-henryka-kamienskiego-11-krakow/, /stacje-paliw/mpo/mpo-nowohucka-1-krakow/, /stacje-paliw/pkn-orlen/pkn-orlen-erazma-jerzmanowskiego-39-krakow/, /stacje-paliw/pkn-orlen/pkn-orlen-armii-krajowej-21-a-krakow/, /stacje-paliw/amic/lukoil-gora-libertowska-2-krakow/, /stacje-paliw/pkn-orlen/pkn-orlen-zakopianska-289-krakow/, /stacje-paliw/pkn-orlen/pkn-orlen-jozefa-wybickiego-3a-krakow/, /stacje-paliw/moya/moya-kornela-makuszynskiego-26-krakow/, /stacje-paliw/circle-k-1-2-3/circle-k-1-2-3-statoil-siewna-28-krakow/, /stacje-paliw/pkn-orlen/pkn-orlen-kazimierza-wielkiego-121-krakow/, /stacje-paliw/pkn-orlen/pkn-orlen-os-wandy-30a-krakow/, /stacje-paliw/pkn-orlen/pkn-orlen-stefana-grota-roweckiego-33-krakow/, /stacje-paliw/tesco/tesco-kapelanka-54-krakow/, /stacje-paliw/bp/bp-zakopianska-107-krakow/, /stacje-paliw/bp/bp-aleja-bora-komorowskiego-39-krakow/, /stacje-paliw/shell/shell-josepha-conrada-33-krakow/, /stacje-paliw/valdi/valdi-nad-dlubnia-2-krakow/, /stacje-paliw/stacje-niezrzeszone/prywatna-blokowa-23-krakow/, /stacje-paliw/pkn-orlen/pkn-orlen-zawila-62-krakow/, /stacje-paliw/shell/shell-aleja-pokoju-65-krakow/, /stacje-paliw/krak-tar/krak-tar-ujastek-11-krakow/, /stacje-paliw/pkn-orlen/pkn-orlen-podgorska-32-krakow/, /stacje-paliw/circle-k-statoil/circle-k-statoil-wielicka-183-krakow/, /stacje-paliw/pkn-orlen/pkn-orlen-os-kolorowe-10-a-krakow/, /stacje-paliw/pkn-orlen/pkn-orlen-jasnogorska-2b-krakow/, /stacje-paliw/pkn-orlen/pkn-orlen-os-strusia-24-krakow/, /stacje-paliw/arge/arge-zakopianska-290-krakow/, /stacje-paliw/pkn-orlen/pkn-orlen-kamienna-18-krakow/, /stacje-paliw/bp/bp-aleja-29-listopada-39b-krakow/, /stacje-paliw/stacje-niezrzeszone/prywatna-aleja-29-listopada-155a-krakow/, /stacje-paliw/shell/shell-marii-konopnickiej-78-krakow/, /stacje-paliw/pkn-orlen/pkn-orlen-tyniecka-186-krakow/, /stacje-paliw/bp/bp-aleja-29-listopada-125-krakow/, /stacje-paliw/bp/bp-bulwarowa-1-krakow/, /stacje-paliw/pkn-orlen/pkn-orlen-wioslarska-1-krakow/]
2024-03-30 20:49:58,741 INFO p.WebScraping [Thread-1] Nazwa z adresu w tablicy: [Kraków, Josepha Conrada 81 BP, Kraków, Wielicka 21 PKN ORLEN, Kraków, Łużycka 40 PKN ORLEN, Kraków, Mieczysława Medweckiego 2 Carrefour, Kraków, Zakopiańska 58 PKN ORLEN, Kraków, Feliksa Wrobela 35 MOYA, Kraków, Karola Bunscha 68 PKN ORLEN, Kraków, Zakopiańska 48 Shell, Kraków, Białoruska 11a Circle K 1-2-3, Kraków, Powstańców Wielkopolskich 13 Arge, Kraków, Henryka Kamieńskiego 11 Auchan, Kraków, Nowohucka 1 MPO, Kraków, Erazma Jerzmanowskiego 39 PKN ORLEN, Kraków, Armii Krajowej 21 A PKN ORLEN, Kraków, Góra Libertowska 2 Amic, Kraków, Zakopiańska 289 PKN ORLEN, Kraków, Józefa Wybickiego 3A PKN ORLEN, Kraków, Kornela Makuszyńskiego 26 MOYA, Kraków, Siewna 28 Circle K 1-2-3, Kraków, Kazimierza Wielkiego 121 PKN ORLEN, Kraków, os. Wandy 30a PKN ORLEN, Kraków, Stefana Grota-Roweckiego 33 PKN ORLEN, Kraków, Kapelanka 54 Tesco, Kraków, Zakopiańska 107 BP, Kraków, Aleja Bora-Komorowskiego 39 BP, Kraków, Josepha Conrada 33 Shell, Kraków, Nad Dłubnią 2 VALDI, Kraków, Blokowa 23 Prywatna, Kraków, Zawiła 62 PKN ORLEN, Kraków, Aleja Pokoju 65 Shell, Kraków, Ujastek 11 KRAK-TAR, Kraków, Podgórska 32 PKN ORLEN, Kraków, Wielicka 183 Circle K (Statoil), Kraków, os.Kolorowe 10 a PKN ORLEN, Kraków, Jasnogórska 2B PKN ORLEN, Kraków, os. Strusia 24 PKN ORLEN, Kraków, Zakopiańska 290 Arge, Kraków, Kamienna 18 PKN ORLEN, Kraków, Aleja 29 Listopada 39B BP, Kraków, Aleja 29 listopada 155A Prywatna, Kraków, Marii Konopnickiej 78 Shell, Kraków, Tyniecka 186 PKN ORLEN, Kraków, Aleja 29 Listopada 125 BP, Kraków, Bulwarowa 1 BP, Kraków, Wioślarska 1 PKN ORLEN]
2024-03-30 20:49:58,742 INFO p.WebScraping [Thread-1] Numer storny: 4
2024-03-30 20:49:59,524 DEBUG p.WebScraping [Thread-1] Station Link: /stacje-paliw/shell/shell-mirowska-krakow/
2024-03-30 20:49:59,524 DEBUG p.WebScraping [Thread-1] Nazwy stacji: Kraków, Mirowska Shell
2024-03-30 20:49:59,524 DEBUG p.WebScraping [Thread-1] Station Link: /stacje-paliw/lotos/lotos-a4-mop-witowice-kierunek-krakow-witowice/
2024-03-30 20:49:59,525 DEBUG p.WebScraping [Thread-1] Station Link: /stacje-paliw/pkn-orlen/pkn-orlen-aleja-andersa-okulickiego-krakow/
2024-03-30 20:49:59,525 DEBUG p.WebScraping [Thread-1] Nazwy stacji: Kraków, Aleja Andersa/Okulickiego PKN ORLEN
2024-03-30 20:49:59,525 DEBUG p.WebScraping [Thread-1] Station Link: /stacje-paliw/krak-tar/krak-tar-mysliwska-51-krakow/
2024-03-30 20:49:59,525 DEBUG p.WebScraping [Thread-1] Nazwy stacji: Kraków, Myśliwska 51 KRAK-TAR
2024-03-30 20:49:59,525 DEBUG p.WebScraping [Thread-1] Station Link: /stacje-paliw/bp/bp-malborska-1-krakow/
