2024-03-30 20:49:56,434 INFO p.ScrapingClass [Thread-1] Wartosc adresu: 
2024-03-30 20:49:57,241 INFO p.WebScraping [Thread-1] Liczba stron: 10
2024-03-30 20:49:57,241 INFO p.WebScraping [Thread-1] Numer storny: 1
2024-03-30 20:49:57,268 DEBUG p.WebScraping [Thread-1] Station Link: /stacje-paliw/bp/bp-josepha-conrada-81-krakow/
2024-03-30 20:49:57,269 DEBUG p.WebScraping [Thread-1] Nazwy stacji: Kraków, Josepha Conrada 81 BP
2024-03-30 20:49:57,269 DEBUG p.WebScraping [Thread-1] Station Link: /stacje-paliw/pkn-orlen/pkn-orlen-wielicka-21-krakow/
2024-03-30 20:49:57,269 DEBUG p.WebScraping [Thread-1] Nazwy stacji: Kraków, Wielicka 21 PKN ORLEN
2024-03-30 20:49:57,270 DEBUG p.WebScraping [Thread-1] Station Link: /stacje-paliw/pkn-orlen/pkn-orlen-luzycka-40-krakow/
2024-03-30 20:49:57,272 DEBUG p.WebScraping [Thread-1] Nazwy stacji: Kraków, Łużycka 40 PKN ORLEN
2024-03-30 20:49:57,272 DEBUG p.WebScraping [Thread-1] Station Link: /stacje-paliw/carrefour/carrefour-mieczyslawa-medweckiego-2-krakow/
2024-03-30 20:49:57,272 DEBUG p.WebScraping [Thread-1] Nazwy stacji: Kraków, Mieczysława Medweckiego 2 Carrefour
2024-03-30 20:49:57,272 DEBUG p.WebScraping [Thread-1] Station Link: /stacje-paliw/pkn-orlen/pkn-orlen-zakopianska-58-krakow/
2024-03-30 20:49:57,273 DEBUG p.WebScraping [Thread-1] Nazwy stacji: Kraków, Zakopiańska 58 PKN ORLEN
2024-03-30 20:49:57,273 DEBUG p.WebScraping [Thread-1] Station Link: /stacje-paliw/moya/moya-feliksa-wrobela-35-krakow/
2024-03-30 20:49:57,273 DEBUG p.WebScraping [Thread-1] Nazwy stacji: Kraków, Feliksa Wrobela 35 MOYA
2024-03-30 20:49:57,273 DEBUG p.WebScraping [Thread-1] Station Link: /stacje-paliw/pkn-orlen/pkn-orlen-karola-bunscha-68-krakow/
2024-03-30 20:49:57,273 DEBUG p.WebScraping [Thread-1] Nazwy stacji: Kraków, Karola Bunscha 68 PKN ORLEN
2024-03-30 20:49:57,274 DEBUG p.WebScraping [Thread-1] Station Link: /stacje-paliw/shell/shell-zakopianska-48-krakow/
2024-03-30 20:49:57,274 DEBUG p.WebScraping [Thread-1] Nazwy stacji: Kraków, Zakopiańska 48 Shell
2024-03-30 20:49:57,274 DEBUG p.WebScraping [Thread-1] Station Link: /stacje-paliw/circle-k-1-2-3/circle-k-1-2-3-statoil-bialoruska-11a-krakow/
2024-03-30 20:49:57,274 DEBUG p.WebScraping [Thread-1] Nazwy stacji: Kraków, Białoruska 11a Circle K 1-2-3
2024-03-30 20:49:57,274 DEBUG p.WebScraping [Thread-1] Station Link: /stacje-paliw/arge/arge-powstancow-wielkopolskich-13-krakow/
2024-03-30 20:49:57,274 DEBUG p.WebScraping [Thread-1] Nazwy stacji: Kraków, Powstańców Wielkopolskich 13 Arge
2024-03-30 20:49:57,275 DEBUG p.WebScraping [Thread-1] Station Link: /stacje-paliw/auchan/auchan-henryka-kamienskiego-11-krakow/
2024-03-30 20:49:57,275 DEBUG p.WebScraping [Thread-1] Nazwy stacji: Kraków, Henryka Kamieńskiego 11 Auchan
2024-03-30 20:49:57,275 DEBUG p.WebScraping [Thread-1] Station Link: /stacje-paliw/mpo/mpo-nowohucka-1-krakow/
2024-03-30 20:49:57,275 DEBUG p.WebScraping [Thread-1] Nazwy stacji: Kraków, Nowohucka 1 MPO
2024-03-30 20:49:57,275 DEBUG p.WebScraping [Thread-1] Station Link: /stacje-paliw/pkn-orlen/pkn-orlen-erazma-jerzmanowskiego-39-krakow/
2024-03-30 20:49:57,276 DEBUG p.WebScraping [Thread-1] Nazwy stacji: Kraków, Erazma Jerzmanowskiego 39 PKN ORLEN
2024-03-30 20:49:57,276 DEBUG p.WebScraping [Thread-1] Station Link: /stacje-paliw/pkn-orlen/pkn-orlen-armii-krajowej-21-a-krakow/
2024-03-30 20:49:57,276 DEBUG p.WebScraping [Thread-1] Nazwy stacji: Kraków, Armii Krajowej 21 A PKN ORLEN
2024-03-30 20:49:57,276 DEBUG p.WebScraping [Thread-1] Station Link: /stacje-paliw/amic/lukoil-gora-libertowska-2-krakow/
2024-03-30 20:49:57,276 DEBUG p.WebScraping [Thread-1] Nazwy stacji: Kraków, Góra Libertowska 2 Amic
2024-03-30 20:49:57,276 INFO p.WebScraping [Thread-1] Link z adresu w tablicy: [/stacje-paliw/bp/bp-josepha-conrada-81-krakow/, /stacje-paliw/pkn-orlen/pkn-orlen-wielicka-21-krakow/, /stacje-paliw/pkn-orlen/pkn-orlen-luzycka-40-krakow/, /stacje-paliw/carrefour/carrefour-mieczyslawa-medweckiego-2-krakow/, /stacje-paliw/pkn-orlen/pkn-orlen-zakopianska-58-krakow/, /stacje-paliw/moya/moya-feliksa-wrobela-35-krakow/, /stacje-paliw/pkn-orlen/pkn-orlen-karola-bunscha-68-krakow/, /stacje-paliw/shell/shell-zakopianska-48-krakow/, /stacje-paliw/circle-k-1-2-3/circle-k-1-2-3-statoil-bialoruska-11a-krakow/, /stacje-paliw/arge/arge-powstancow-wielkopolskich-13-krakow/, /stacje-paliw/auchan/auchan-henryka-kamienskiego-11-krakow/, /stacje-paliw/mpo/mpo-nowohucka-1-krakow/, /stacje-paliw/pkn-orlen/pkn-orlen-erazma-jerzmanowskiego-39-krakow/, /stacje-paliw/pkn-orlen/pkn-orlen-armii-krajowej-21-a-krakow/, /stacje-paliw/amic/lukoil-gora-libertowska-2-krakow/]
2024-03-30 20:49:57,277 INFO p.WebScraping [Thread-1] Nazwa z adresu w tablicy: [Kraków, Josepha Conrada 81 BP, Kraków, Wielicka 21 PKN ORLEN, Kraków, Łużycka 40 PKN ORLEN, Kraków, Mieczysława Medweckiego 2 Carrefour, Kraków, Zakopiańska 58 PKN ORLEN, Kraków, Feliksa Wrobela 35 MOYA, Kraków, Karola Bunscha 68 PKN ORLEN, Kraków, Zakopiańska 48 Shell, Kraków, Białoruska 11a Circle K 1-2-3, Kraków, Powstańców Wielkopolskich 13 Arge, Kraków, Henryka Kamieńskiego 11 Auchan, Kraków, Nowohucka 1 MPO, Kraków, Erazma Jerzmanowskiego 39 PKN ORLEN, Kraków, Armii Krajowej 21 A PKN ORLEN, Kraków, Góra Libertowska 2 Amic]
2024-03-30 20:49:57,277 INFO p.WebScraping [Thread-1] Numer storny: 2
2024-03-30 20:49:57,993 DEBUG p.WebScraping [Thread-1] Station Link: /stacje-paliw/pkn-orlen/pkn-orlen-zakopianska-289-krakow/
2024-03-30 20:49:57,994 DEBUG p.WebScraping [Thread-1] Nazwy stacji: Kraków, Zakopiańska 289 PKN ORLEN
2024-03-30 20:49:57,994 DEBUG p.WebScraping [Thread-1] Station Link: /stacje-paliw/pkn-orlen/pkn-orlen-jozefa-wybickiego-3a-krakow/
2024-03-30 20:49:57,994 DEBUG p.WebScraping [Thread-1] Nazwy stacji: Kraków, Józefa Wybickiego 3A PKN ORLEN
2024-03-30 20:49:57,994 DEBUG p.WebScraping [Thread-1] Station Link: /stacje-paliw/moya/moya-kornela-makuszynskiego-26-krakow/
2024-03-30 20:49:57,995 DEBUG p.WebScraping [Thread-1] Nazwy stacji: Kraków, Kornela Makuszyńskiego 26 MOYA
2024-03-30 20:49:57,995 DEBUG p.WebScraping [Thread-1] Station Link: /stacje-paliw/circle-k-1-2-3/circle-k-1-2-3-statoil-siewna-28-krakow/
2024-03-30 20:49:57,995 DEBUG p.WebScraping [Thread-1] Nazwy stacji: Kraków, Siewna 28 Circle K 1-2-3
2024-03-30 20:49:57,995 DEBUG p.WebScraping [Thread-1] Station Link: /stacje-paliw/pkn-orlen/pkn-orlen-kazimierza-wielkiego-121-krakow/
2024-03-30 20:49:57,995 DEBUG p.WebScraping [Thread-1] Nazwy stacji: Kraków, Kazimierza Wielkiego 121 PKN ORLEN
2024-03-30 20:49:57,996 DEBUG p.WebScraping [Thread-1] Station Link: /stacje-paliw/pkn-orlen/pkn-orlen-os-wandy-30a-krakow/
2024-03-30 20:49:57,996 DEBUG p.WebScraping [Thread-1] Nazwy stacji: Kraków, os. Wandy 30a PKN ORLEN
2024-03-30 20:49:57,996 DEBUG p.WebScraping [Thread-1] Station Link: /stacje-paliw/pkn-orlen/pkn-orlen-stefana-grota-roweckiego-33-krakow/
2024-03-30 20:49:57,996 DEBUG p.WebScraping [Thread-1] Nazwy stacji: Kraków, Stefana Grota-Roweckiego 33 PKN ORLEN
2024-03-30 20:49:57,996 DEBUG p.WebScraping [Thread-1] Station Link: /stacje-paliw/tesco/tesco-kapelanka-54-krakow/
2024-03-30 20:49:57,997 DEBUG p.WebScraping [Thread-1] Nazwy stacji: Kraków, Kapelanka 54 Tesco
2024-03-30 20:49:57,997 DEBUG p.WebScraping [Thread-1] Station Link: /stacje-paliw/bp/bp-zakopianska-107-krakow/
2024-03-30 20:49:57,997 DEBUG p.WebScraping [Thread-1] Nazwy stacji: Kraków, Zakopiańska 107 BP
2024-03-30 20:49:57,997 DEBUG p.WebScraping [Thread-1] Station Link: /stacje-paliw/bp/bp-aleja-bora-komorowskiego-39-krakow/
2024-03-30 20:49:57,998 DEBUG p.WebScraping [Thread-1] Nazwy stacji: Kraków, Aleja Bora-Komorowskiego 39 BP
2024-03-30 20:49:57,998 DEBUG p.WebScraping [Thread-1] Station Link: /stacje-paliw/shell/shell-josepha-conrada-33-krakow/
2024-03-30 20:49:57,998 DEBUG p.WebScraping [Thread-1] Nazwy stacji: Kraków, Josepha Conrada 33 Shell
2024-03-30 20:49:57,998 DEBUG p.WebScraping [Thread-1] Station Link: /stacje-paliw/valdi/valdi-nad-dlubnia-2-krakow/
2024-03-30 20:49:57,999 DEBUG p.WebScraping [Thread-1] Nazwy stacji: Kraków, Nad Dłubnią 2 VALDI
2024-03-30 20:49:57,999 DEBUG p.WebScraping [Thread-1] Station Link: /stacje-paliw/stacje-niezrzeszone/prywatna-blokowa-23-krakow/
2024-03-30 20:49:57,999 DEBUG p.WebScraping [Thread-1] Nazwy stacji: Kraków, Blokowa 23 Prywatna
2024-03-30 20:49:57,999 DEBUG p.WebScraping [Thread-1] Station Link: /stacje-paliw/pkn-orlen/pkn-orlen-zawila-62-krakow/
2024-03-30 20:49:58,000 DEBUG p.WebScraping [Thread-1] Nazwy stacji: Kraków, Zawiła 62 PKN ORLEN
2024-03-30 20:49:58,000 DEBUG p.WebScraping [Thread-1] Station Link: /stacje-paliw/shell/shell-aleja-pokoju-65-krakow/
2024-03-30 20:49:58,000 DEBUG p.WebScraping [Thread-1] Nazwy stacji: Kraków, Aleja Pokoju 65 Shell
2024-03-30 20:49:58,000 INFO p.WebScraping [Thread-1] Link z adresu w tablicy: [/stacje-paliw/bp/bp-josepha-conrada-81-krakow/, /stacje-paliw/pkn-orlen/pkn-orlen-wielicka-21-krakow/, /stacje-paliw/pkn-orlen/pkn-orlen-luzycka-40-krakow/, /stacje-paliw/carrefour/carrefour-mieczyslawa-medweckiego-2-krakow/, /stacje-paliw/pkn-orlen/pkn-orlen-zakopianska-58-krakow/, /stacje-paliw/moya/moya-feliksa-wrobela-35-krakow/, /stacje-paliw/pkn-orlen/pkn-orlen-karola-bunscha-68-krakow/, /stacje-paliw/shell/shell-zakopianska-48-krakow/, /stacje-paliw/circle-k-1-2-3/circle-k-1-2-3-statoil-bialoruska-11a-krakow/, /stacje-paliw/arge/arge-powstancow-wielkopolskich-13-krakow/, /stacje-paliw/auchan/auchan-henryka-kamienskiego-11-krakow/, /stacje-paliw/mpo/mpo-nowohucka-1-krakow/, /stacje-paliw/pkn-orlen/pkn-orlen-erazma-jerzmanowskiego-39-krakow/, /stacje-paliw/pkn-orlen/pkn-orlen-armii-krajowej-21-a-krakow/, /stacje-paliw/amic/lukoil-gora-libertowska-2-krakow/, /stacje-paliw/pkn-orlen/pkn-orlen-zakopianska-289-krakow/, /stacje-paliw/pkn-orlen/pkn-orlen-jozefa-wybickiego-3a-krakow/, /stacje-paliw/moya/moya-kornela-makuszynskiego-26-krakow/, /stacje-paliw/circle-k-1-2-3/circle-k-1-2-3-statoil-siewna-28-krakow/, /stacje-paliw/pkn-orlen/pkn-orlen-kazimierza-wielkiego-121-krakow/, /stacje-paliw/pkn-orlen/pkn-orlen-os-wandy-30a-krakow/, /stacje-paliw/pkn-orlen/pkn-orlen-stefana-grota-roweckiego-33-krakow/, /stacje-paliw/tesco/tesco-kapelanka-54-krakow/, /stacje-paliw/bp/bp-zakopianska-107-krakow/, /stacje-paliw/bp/bp-aleja-bora-komorowskiego-39-krakow/, /stacje-paliw/shell/shell-josepha-conrada-33-krakow/, /stacje-paliw/valdi/valdi-nad-dlubnia-2-krakow/, /stacje-paliw/stacje-niezrzeszone/prywatna-blokowa-23-krakow/, /stacje-paliw/pkn-orlen/pkn-orlen-zawila-62-krakow/, /stacje-paliw/shell/shell-aleja-pokoju-65-krakow/]
