2024-03-30 20:49:59,526 DEBUG p.WebScraping [Thread-1] Nazwy stacji: Kraków, Malborska 1 BP
2024-03-30 20:49:59,528 DEBUG p.WebScraping [Thread-1] Station Link: /stacje-paliw/stacje-lpg/stacja-lpg-kornela-makuszynskiego-13-krakow/
2024-03-30 20:49:59,528 DEBUG p.WebScraping [Thread-1] Nazwy stacji: Kraków, Kornela Makuszyńskiego 13 Stacja LPG
2024-03-30 20:49:59,528 DEBUG p.WebScraping [Thread-1] Station Link: /stacje-paliw/shell/shell-stanislawa-stojalowskiego-1-krakow/
2024-03-30 20:49:59,528 DEBUG p.WebScraping [Thread-1] Nazwy stacji: Kraków, Stanisława Stojałowskiego 1 Shell
2024-03-30 20:49:59,529 DEBUG p.WebScraping [Thread-1] Station Link: /stacje-paliw/circle-k-statoil/circle-k-statoil-lublanska-16a-krakow/
2024-03-30 20:49:59,531 DEBUG p.WebScraping [Thread-1] Nazwy stacji: Kraków, Lublańska 16A Circle K (Statoil)
2024-03-30 20:49:59,531 DEBUG p.WebScraping [Thread-1] Station Link: /stacje-paliw/bp/bp-nadbrzezie-1a-krakow/
2024-03-30 20:49:59,531 DEBUG p.WebScraping [Thread-1] Nazwy stacji: Kraków, Nadbrzezie 1A BP
2024-03-30 20:49:59,531 DEBUG p.WebScraping [Thread-1] Station Link: /stacje-paliw/lotos/lotos-gen-leopolda-okulickiego-61-krakow/
2024-03-30 20:49:59,531 DEBUG p.WebScraping [Thread-1] Nazwy stacji: Kraków, Gen. Leopolda Okulickiego 61 Lotos
2024-03-30 20:49:59,532 DEBUG p.WebScraping [Thread-1] Station Link: /stacje-paliw/circle-k-statoil/circle-k-statoil-aleja-armii-krajowej-10-krakow/
2024-03-30 20:49:59,532 DEBUG p.WebScraping [Thread-1] Nazwy stacji: Kraków, Aleja Armii Krajowej 10 Circle K (Statoil)
2024-03-30 20:49:59,532 DEBUG p.WebScraping [Thread-1] Station Link: /stacje-paliw/lotos/lotos-dk7-opolska-5-krakow/
2024-03-30 20:49:59,532 DEBUG p.WebScraping [Thread-1] Nazwy stacji: Kraków, DK7 (Opolska 5) Lotos
2024-03-30 20:49:59,532 DEBUG p.WebScraping [Thread-1] Station Link: /stacje-paliw/bp/bp-kocmyrzowska-43-krakow/
2024-03-30 20:49:59,532 DEBUG p.WebScraping [Thread-1] Nazwy stacji: Kraków, Kocmyrzowska 43 BP
2024-03-30 20:49:59,532 DEBUG p.WebScraping [Thread-1] Station Link: /stacje-paliw/shell/shell-aleja-pokoju-67-krakow/
2024-03-30 20:49:59,533 DEBUG p.WebScraping [Thread-1] Nazwy stacji: Kraków, Aleja Pokoju 67 Shell
2024-03-30 20:49:59,533 DEBUG p.WebScraping [Thread-1] Station Link: /stacje-paliw/pkn-orlen/pkn-orlen-olszanicka-174-krakow/
2024-03-30 20:49:59,533 DEBUG p.WebScraping [Thread-1] Nazwy stacji: Kraków, Olszanicka 174 PKN ORLEN
2024-03-30 20:49:59,533 INFO p.WebScraping [Thread-1] Link z adresu w tablicy: [/stacje-paliw/bp/bp-josepha-conrada-81-krakow/, /stacje-paliw/pkn-orlen/pkn-orlen-wielicka-21-krakow/, /stacje-paliw/pkn-orlen/pkn-orlen-luzycka-40-krakow/, /stacje-paliw/carrefour/carrefour-mieczyslawa-medweckiego-2-krakow/, /stacje-paliw/pkn-orlen/pkn-orlen-zakopianska-58-krakow/, /stacje-paliw/moya/moya-feliksa-wrobela-35-krakow/, /stacje-paliw/pkn-orlen/pkn-orlen-karola-bunscha-68-krakow/, /stacje-paliw/shell/shell-zakopianska-48-krakow/, /stacje-paliw/circle-k-1-2-3/circle-k-1-2-3-statoil-bialoruska-11a-krakow/, /stacje-paliw/arge/arge-powstancow-wielkopolskich-13-krakow/, /stacje-paliw/auchan/auchan-henryka-kamienskiego-11-krakow/, /stacje-paliw/mpo/mpo-nowohucka-1-krakow/, /stacje-paliw/pkn-orlen/pkn-orlen-erazma-jerzmanowskiego-39-krakow/, /stacje-paliw/pkn-orlen/pkn-orlen-armii-krajowej-21-a-krakow/, /stacje-paliw/amic/lukoil-gora-libertowska-2-krakow/, /stacje-paliw/pkn-orlen/pkn-orlen-zakopianska-289-krakow/, /stacje-paliw/pkn-orlen/pkn-orlen-jozefa-wybickiego-3a-krakow/, /stacje-paliw/moya/moya-kornela-makuszynskiego-26-krakow/, /stacje-paliw/circle-k-1-2-3/circle-k-1-2-3-statoil-siewna-28-krakow/, /stacje-paliw/pkn-orlen/pkn-orlen-kazimierza-wielkiego-121-krakow/, /stacje-paliw/pkn-orlen/pkn-orlen-os-wandy-30a-krakow/, /stacje-paliw/pkn-orlen/pkn-orlen-stefana-grota-roweckiego-33-krakow/, /stacje-paliw/tesco/tesco-kapelanka-54-krakow/, /stacje-paliw/bp/bp-zakopianska-107-krakow/, /stacje-paliw/bp/bp-aleja-bora-komorowskiego-39-krakow/, /stacje-paliw/shell/shell-josepha-conrada-33-krakow/, /stacje-paliw/valdi/valdi-nad-dlubnia-2-krakow/, /stacje-paliw/stacje-niezrzeszone/prywatna-blokowa-23-krakow/, /stacje-paliw/pkn-orlen/pkn-orlen-zawila-62-krakow/, /stacje-paliw/shell/shell-aleja-pokoju-65-krakow/, /stacje-paliw/krak-tar/krak-tar-ujastek-11-krakow/, /stacje-paliw/pkn-orlen/pkn-orlen-podgorska-32-krakow/, /stacje-paliw/circle-k-statoil/circle-k-statoil-wielicka-183-krakow/, /stacje-paliw/pkn-orlen/pkn-orlen-os-kolorowe-10-a-krakow/, /stacje-paliw/pkn-orlen/pkn-orlen-jasnogorska-2b-krakow/, /stacje-paliw/pkn-orlen/pkn-orlen-os-strusia-24-krakow/, /stacje-paliw/arge/arge-zakopianska-290-krakow/, /stacje-paliw/pkn-orlen/pkn-orlen-kamienna-18-krakow/, /stacje-paliw/bp/bp-aleja-29-listopada-39b-krakow/, /stacje-paliw/stacje-niezrzeszone/prywatna-aleja-29-listopada-155a-krakow/, /stacje-paliw/shell/shell-marii-konopnickiej-78-krakow/, /stacje-paliw/pkn-orlen/pkn-orlen-tyniecka-186-krakow/, /stacje-paliw/bp/bp-aleja-29-listopada-125-krakow/, /stacje-paliw/bp/bp-bulwarowa-1-krakow/, /stacje-paliw/pkn-orlen/pkn-orlen-wioslarska-1-krakow/, /stacje-paliw/shell/shell-mirowska-krakow/, /stacje-paliw/lotos/lotos-a4-mop-witowice-kierunek-krakow-witowice/, /stacje-paliw/pkn-orlen/pkn-orlen-aleja-andersa-okulickiego-krakow/, /stacje-paliw/krak-tar/krak-tar-mysliwska-51-krakow/, /stacje-paliw/bp/bp-malborska-1-krakow/, /stacje-paliw/stacje-lpg/stacja-lpg-kornela-makuszynskiego-13-krakow/, /stacje-paliw/shell/shell-stanislawa-stojalowskiego-1-krakow/, /stacje-paliw/circle-k-statoil/circle-k-statoil-lublanska-16a-krakow/, /stacje-paliw/bp/bp-nadbrzezie-1a-krakow/, /stacje-paliw/lotos/lotos-gen-leopolda-okulickiego-61-krakow/, /stacje-paliw/circle-k-statoil/circle-k-statoil-aleja-armii-krajowej-10-krakow/, /stacje-paliw/lotos/lotos-dk7-opolska-5-krakow/, /stacje-paliw/bp/bp-kocmyrzowska-43-krakow/, /stacje-paliw/shell/shell-aleja-pokoju-67-krakow/, /stacje-paliw/pkn-orlen/pkn-orlen-olszanicka-174-krakow/]
2024-03-30 20:49:59,533 INFO p.WebScraping [Thread-1] Nazwa z adresu w tablicy: [Kraków, Josepha Conrada 81 BP, Kraków, Wielicka 21 PKN ORLEN, Kraków, Łużycka 40 PKN ORLEN, Kraków, Mieczysława Medweckiego 2 Carrefour, Kraków, Zakopiańska 58 PKN ORLEN, Kraków, Feliksa Wrobela 35 MOYA, Kraków, Karola Bunscha 68 PKN ORLEN, Kraków, Zakopiańska 48 Shell, Kraków, Białoruska 11a Circle K 1-2-3, Kraków, Powstańców Wielkopolskich 13 Arge, Kraków, Henryka Kamieńskiego 11 Auchan, Kraków, Nowohucka 1 MPO, Kraków, Erazma Jerzmanowskiego 39 PKN ORLEN, Kraków, Armii Krajowej 21 A PKN ORLEN, Kraków, Góra Libertowska 2 Amic, Kraków, Zakopiańska 289 PKN ORLEN, Kraków, Józefa Wybickiego 3A PKN ORLEN, Kraków, Kornela Makuszyńskiego 26 MOYA, Kraków, Siewna 28 Circle K 1-2-3, Kraków, Kazimierza Wielkiego 121 PKN ORLEN, Kraków, os. Wandy 30a PKN ORLEN, Kraków, Stefana Grota-Roweckiego 33 PKN ORLEN, Kraków, Kapelanka 54 Tesco, Kraków, Zakopiańska 107 BP, Kraków, Aleja Bora-Komorowskiego 39 BP, Kraków, Josepha Conrada 33 Shell, Kraków, Nad Dłubnią 2 VALDI, Kraków, Blokowa 23 Prywatna, Kraków, Zawiła 62 PKN ORLEN, Kraków, Aleja Pokoju 65 Shell, Kraków, Ujastek 11 KRAK-TAR, Kraków, Podgórska 32 PKN ORLEN, Kraków, Wielicka 183 Circle K (Statoil), Kraków, os.Kolorowe 10 a PKN ORLEN, Kraków, Jasnogórska 2B PKN ORLEN, Kraków, os. Strusia 24 PKN ORLEN, Kraków, Zakopiańska 290 Arge, Kraków, Kamienna 18 PKN ORLEN, Kraków, Aleja 29 Listopada 39B BP, Kraków, Aleja 29 listopada 155A Prywatna, Kraków, Marii Konopnickiej 78 Shell, Kraków, Tyniecka 186 PKN ORLEN, Kraków, Aleja 29 Listopada 125 BP, Kraków, Bulwarowa 1 BP, Kraków, Wioślarska 1 PKN ORLEN, Kraków, Mirowska Shell, Kraków, Aleja Andersa/Okulickiego PKN ORLEN, Kraków, Myśliwska 51 KRAK-TAR, Kraków, Malborska 1 BP, Kraków, Kornela Makuszyńskiego 13 Stacja LPG, Kraków, Stanisława Stojałowskiego 1 Shell, Kraków, Lublańska 16A Circle K (Statoil), Kraków, Nadbrzezie 1A BP, Kraków, Gen. Leopolda Okulickiego 61 Lotos, Kraków, Aleja Armii Krajowej 10 Circle K (Statoil), Kraków, DK7 (Opolska 5) Lotos, Kraków, Kocmyrzowska 43 BP, Kraków, Aleja Pokoju 67 Shell, Kraków, Olszanicka 174 PKN ORLEN]
2024-03-30 20:49:59,534 INFO p.WebScraping [Thread-1] Numer storny: 5
2024-03-30 20:50:00,193 DEBUG p.WebScraping [Thread-1] Station Link: /stacje-paliw/pkn-orlen/pkn-orlen-skotnicka-242-krakow/
2024-03-30 20:50:00,193 DEBUG p.WebScraping [Thread-1] Nazwy stacji: Kraków, Skotnicka 242 PKN ORLEN
2024-03-30 20:50:00,193 DEBUG p.WebScraping [Thread-1] Station Link: /stacje-paliw/bp/bp-wadowicka-4-krakow/
2024-03-30 20:50:00,193 DEBUG p.WebScraping [Thread-1] Nazwy stacji: Kraków, Wadowicka 4 BP
2024-03-30 20:50:00,193 DEBUG p.WebScraping [Thread-1] Station Link: /stacje-paliw/shell/shell-witosa-20-krakow/
2024-03-30 20:50:00,194 DEBUG p.WebScraping [Thread-1] Nazwy stacji: Kraków, Witosa 20 Shell
2024-03-30 20:50:00,194 DEBUG p.WebScraping [Thread-1] Station Link: /stacje-paliw/r8/r8-pradnicka-30-krakow/
2024-03-30 20:50:00,194 DEBUG p.WebScraping [Thread-1] Nazwy stacji: Kraków, Prądnicka 30 R8
2024-03-30 20:50:00,194 DEBUG p.WebScraping [Thread-1] Station Link: /stacje-paliw/shell/shell-kobierzynska-krakow/
2024-03-30 20:50:00,194 DEBUG p.WebScraping [Thread-1] Nazwy stacji: Kraków, Kobierzyńska Shell
2024-03-30 20:50:00,194 DEBUG p.WebScraping [Thread-1] Station Link: /stacje-paliw/pkn-orlen/pkn-orlen-nowohucka-71-krakow/
2024-03-30 20:50:00,194 DEBUG p.WebScraping [Thread-1] Nazwy stacji: Kraków, Nowohucka 71 PKN ORLEN
2024-03-30 20:50:00,194 DEBUG p.WebScraping [Thread-1] Station Link: /stacje-paliw/circle-k-statoil/circle-k-statoil-osiedle-dywizjonu-303-21a-krakow/
2024-03-30 20:50:00,194 DEBUG p.WebScraping [Thread-1] Nazwy stacji: Kraków, Osiedle Dywizjonu 303 21a Circle K (Statoil)
2024-03-30 20:50:00,195 DEBUG p.WebScraping [Thread-1] Station Link: /stacje-paliw/pkn-orlen/pkn-orlen-centralna-72-krakow/
2024-03-30 20:50:00,195 DEBUG p.WebScraping [Thread-1] Nazwy stacji: Kraków, Centralna 72 PKN ORLEN
